<?xml version="1.0" encoding="UTF-8"?>
<!-- Generated by org.testng.reporters.JUnitXMLReporter -->
<testsuite ignored="0" hostname="Aishwarya-Nath" failures="0" tests="5" name="Chrome Test" time="18.383" errors="0" timestamp="2023-06-22T17:28:19 IST">
  <testcase classname="SeleniumGrid4.Grid4.BaseTest" name="@BeforeMethod setDriver" time="18.307">
    <failure type="org.openqa.selenium.TimeoutException" message="Expected condition failed: waiting for visibility of element located by By.xpath: //*[@id=&amp;apos;divUsername&amp;apos;]/span (tried for 10 second(s) with 500 milliseconds interval)
Build info: version: &amp;apos;4.10.0&amp;apos;, revision: &amp;apos;c14d967899&amp;apos;
System info: os.name: &amp;apos;Windows 10&amp;apos;, os.arch: &amp;apos;amd64&amp;apos;, os.version: &amp;apos;10.0&amp;apos;, java.version: &amp;apos;17.0.4.1&amp;apos;
Driver info: org.openqa.selenium.remote.RemoteWebDriver
Capabilities {acceptInsecureCerts: false, browserName: chrome, browserVersion: 114.0.5735.134, chrome: {chromedriverVersion: 114.0.5735.90 (386bc09e8f4f..., userDataDir: C:\Users\nath_a\AppData\Loc...}, goog:chromeOptions: {debuggerAddress: localhost:56948}, networkConnectionEnabled: false, pageLoadStrategy: normal, platformName: Windows 10, proxy: Proxy(), se:bidiEnabled: false, se:cdp: ws://192.168.1.103:4444/ses..., se:cdpVersion: 114.0.5735.134, setWindowRect: true, strictFileInteractability: false, timeouts: {implicit: 0, pageLoad: 300000, script: 30000}, unhandledPromptBehavior: dismiss and notify, webauthn:extension:credBlob: true, webauthn:extension:largeBlob: true, webauthn:extension:minPinLength: true, webauthn:extension:prf: true, webauthn:virtualAuthenticators: true}
Session ID: 0b02683be08a4b68db973ea3fcebbf86">
      <![CDATA[org.openqa.selenium.TimeoutException: Expected condition failed: waiting for visibility of element located by By.xpath: //*[@id='divUsername']/span (tried for 10 second(s) with 500 milliseconds interval)
Build info: version: '4.10.0', revision: 'c14d967899'
System info: os.name: 'Windows 10', os.arch: 'amd64', os.version: '10.0', java.version: '17.0.4.1'
Driver info: org.openqa.selenium.remote.RemoteWebDriver
Capabilities {acceptInsecureCerts: false, browserName: chrome, browserVersion: 114.0.5735.134, chrome: {chromedriverVersion: 114.0.5735.90 (386bc09e8f4f..., userDataDir: C:\Users\nath_a\AppData\Loc...}, goog:chromeOptions: {debuggerAddress: localhost:56948}, networkConnectionEnabled: false, pageLoadStrategy: normal, platformName: Windows 10, proxy: Proxy(), se:bidiEnabled: false, se:cdp: ws://192.168.1.103:4444/ses..., se:cdpVersion: 114.0.5735.134, setWindowRect: true, strictFileInteractability: false, timeouts: {implicit: 0, pageLoad: 300000, script: 30000}, unhandledPromptBehavior: dismiss and notify, webauthn:extension:credBlob: true, webauthn:extension:largeBlob: true, webauthn:extension:minPinLength: true, webauthn:extension:prf: true, webauthn:virtualAuthenticators: true}
Session ID: 0b02683be08a4b68db973ea3fcebbf86
at org.openqa.selenium.support.ui.WebDriverWait.timeoutException(WebDriverWait.java:84)
at org.openqa.selenium.support.ui.FluentWait.until(FluentWait.java:230)
at SeleniumGrid4.Grid4.BaseTest.setDriver(BaseTest.java:45)
at java.base/java.util.ArrayList.forEach(ArrayList.java:1511)
... Removed 31 stack frames]]>
    </failure>
  </testcase> <!-- @BeforeMethod setDriver -->
  <testcase classname="SeleniumGrid4.Grid4.BaseTest" name="@AfterMethod closeBrowser" time="-1.687435099859E9">
    <skipped/>
  </testcase> <!-- @AfterMethod closeBrowser -->
  <testcase classname="SeleniumGrid4.Grid4.BaseTest" name="@BeforeMethod setDriver" time="-1.687435099863E9">
    <skipped/>
  </testcase> <!-- @BeforeMethod setDriver -->
  <testcase classname="SeleniumGrid4.Grid4.BaseTest" name="@AfterMethod closeBrowser" time="-1.687435099868E9">
    <skipped/>
  </testcase> <!-- @AfterMethod closeBrowser -->
  <testcase classname="SeleniumGrid4.Grid4.BaseTest" name="@BeforeMethod setDriver" time="-1.68743509987E9">
    <skipped/>
  </testcase> <!-- @BeforeMethod setDriver -->
  <testcase classname="SeleniumGrid4.Grid4.BaseTest" name="@AfterMethod closeBrowser" time="-1.687435099874E9">
    <skipped/>
  </testcase> <!-- @AfterMethod closeBrowser -->
  <testcase classname="SeleniumGrid4.Grid4.BaseTest" name="@BeforeMethod setDriver" time="-1.687435099876E9">
    <skipped/>
  </testcase> <!-- @BeforeMethod setDriver -->
  <testcase classname="SeleniumGrid4.Grid4.BaseTest" name="@AfterMethod closeBrowser" time="-1.68743509988E9">
    <skipped/>
  </testcase> <!-- @AfterMethod closeBrowser -->
  <testcase classname="SeleniumGrid4.Grid4.BaseTest" name="@BeforeMethod setDriver" time="-1.687435099882E9">
    <skipped/>
  </testcase> <!-- @BeforeMethod setDriver -->
  <testcase classname="SeleniumGrid4.Grid4.BaseTest" name="@AfterMethod closeBrowser" time="-1.687435099887E9">
    <skipped/>
  </testcase> <!-- @AfterMethod closeBrowser -->
  <testcase classname="SeleniumGrid4.Grid4.Selenium4ParallelDemo" name="forgotPasswordPageHeading" time="0.0">
    <skipped/>
  </testcase> <!-- forgotPasswordPageHeading -->
  <testcase classname="SeleniumGrid4.Grid4.Selenium4ParallelDemo" name="invalidCredentials" time="0.0">
    <skipped/>
  </testcase> <!-- invalidCredentials -->
  <testcase classname="SeleniumGrid4.Grid4.Selenium4ParallelDemo" name="loginPageHeading" time="0.0">
    <skipped/>
  </testcase> <!-- loginPageHeading -->
  <testcase classname="SeleniumGrid4.Grid4.Selenium4ParallelDemo" name="validCredentials" time="0.0">
    <skipped/>
  </testcase> <!-- validCredentials -->
  <testcase classname="SeleniumGrid4.Grid4.Selenium4ParallelDemo" name="verifyLinkedIn" time="0.0">
    <skipped/>
  </testcase> <!-- verifyLinkedIn -->
</testsuite> <!-- Chrome Test -->
